<?xml version="1.0" encoding="UTF-8"?>
<!-- Generated by org.testng.reporters.JUnitReportReporter -->
<testsuite hostname="DESKTOP-K98599J" failures="0" tests="1" name="com.actitime.Testscript.ReportTab" time="24.667" errors="0" timestamp="2023-05-16T00:09:03 IST" skipped="0">
  <testcase classname="com.actitime.Testscript.ReportTab" name="customerReport" time="24.667"/>
  <system-out/>
</testsuite> <!-- com.actitime.Testscript.ReportTab -->
